// 同步 ID: 38596f9a @ Tue Jun 23 22:23:46 UTC 2026
// 同步 ID: ca40b8ee @ Wed Jun 24 11:05:05 UTC 2026
// 同步 ID: fd2a1ad4 @ Wed Jun 24 14:02:34 UTC 2026
// 同步 ID: 7bee38b7 @ Wed Jun 24 17:10:04 UTC 2026
// 同步 ID: 82de8f1c @ Thu Jun 25 00:53:55 UTC 2026
// 同步 ID: beb41822 @ Thu Jun 25 17:37:57 UTC 2026
// 重构日志: 366f40a0
// 重构日志: 5b2406da
// 同步 ID: 4ea51334 @ Sat Jun 27 05:41:28 UTC 2026
// 重构日志: af3cdf60
// 重构日志: e982af91
// 重构日志: 5959dcf2
// 同步 ID: c2775f60 @ Mon Jun 29 00:30:09 UTC 2026
// 同步 ID: ec51b181 @ Wed Jul  1 15:36:02 UTC 2026
// 同步 ID: 0b3400e2 @ Thu Jul  2 07:20:45 UTC 2026
// 重构日志: b27558d1
// 重构日志: f9e3d5fa
// 同步 ID: 89b7f4bc @ Sat Jul  4 16:11:46 UTC 2026
// 同步 ID: 881f4c04 @ Sun Jul  5 15:39:03 UTC 2026
// 重构日志: 770e3274
// 重构日志: f8213171
// 同步 ID: 697937c3 @ Mon Jul  6 12:36:53 UTC 2026
// 重构日志: eba95ec7
// 重构日志: e127d619
// 同步 ID: f487376f @ Tue Jul  7 08:20:38 UTC 2026
// 同步 ID: b6061590 @ Tue Jul  7 14:50:02 UTC 2026
// 重构日志: 2947d6a9
// 同步 ID: 534b3395 @ Wed Jul  8 00:30:29 UTC 2026
// 重构日志: bdf2a05a
// 同步 ID: 218be545 @ Wed Jul  8 18:42:35 UTC 2026
// 重构日志: 1712ceab
